Build started 9/10/2015 10:16:07 PM.
     1>Project "C:\Users\sahakornb\Documents\2015\Multimedia\JpegCompress\OpenCV_Jpeg_8PixelCompression\JpegCompression\JpegCompression\JpegCompression.vcxproj" on node 2 (Build target(s)).
     1>ClCompile:
         C:\Program Files (x86)\Microsoft Visual Studio 11.0\VC\bin\CL.exe /c /IC:\opencv3\opencv\build\include\opencv2 /IC:\opencv3\opencv\build\include\opencv /IC:\opencv3\opencv\build\include /ZI /nologo /W3 /WX- /Od /Oy- /D WIN32 /D _DEBUG /D _CONSOLE /D _UNICODE /D UNICODE /Gm /EHsc /RTC1 /MDd /GS /fp:precise /Zc:wchar_t /Zc:forScope /Fo"Debug\\" /Fd"Debug\vc110.pdb" /Gd /TP /analyze- /errorReport:prompt Source.cpp
         Source.cpp
     1>c:\users\sahakornb\documents\2015\multimedia\jpegcompress\opencv_jpeg_8pixelcompression\jpegcompression\jpegcompression\source.cpp(65): warning C4101: 'count' : unreferenced local variable
     1>c:\users\sahakornb\documents\2015\multimedia\jpegcompress\opencv_jpeg_8pixelcompression\jpegcompression\jpegcompression\source.cpp(129): warning C4244: '=' : conversion from 'float' to 'int', possible loss of data
     1>c:\users\sahakornb\documents\2015\multimedia\jpegcompress\opencv_jpeg_8pixelcompression\jpegcompression\jpegcompression\source.cpp(142): warning C4244: '=' : conversion from 'float' to 'int', possible loss of data
     1>c:\users\sahakornb\documents\2015\multimedia\jpegcompress\opencv_jpeg_8pixelcompression\jpegcompression\jpegcompression\source.cpp(150): warning C4244: '=' : conversion from 'float' to 'int', possible loss of data
     1>c:\users\sahakornb\documents\2015\multimedia\jpegcompress\opencv_jpeg_8pixelcompression\jpegcompression\jpegcompression\source.cpp(168): warning C4244: '=' : conversion from 'float' to 'int', possible loss of data
     1>c:\users\sahakornb\documents\2015\multimedia\jpegcompress\opencv_jpeg_8pixelcompression\jpegcompression\jpegcompression\source.cpp(177): warning C4244: '=' : conversion from 'float' to 'int', possible loss of data
     1>c:\users\sahakornb\documents\2015\multimedia\jpegcompress\opencv_jpeg_8pixelcompression\jpegcompression\jpegcompression\source.cpp(242): warning C4244: '=' : conversion from 'int' to 'float', possible loss of data
     1>c:\users\sahakornb\documents\2015\multimedia\jpegcompress\opencv_jpeg_8pixelcompression\jpegcompression\jpegcompression\source.cpp(256): warning C4244: 'argument' : conversion from 'double' to 'float', possible loss of data
     1>c:\users\sahakornb\documents\2015\multimedia\jpegcompress\opencv_jpeg_8pixelcompression\jpegcompression\jpegcompression\source.cpp(260): warning C4244: 'argument' : conversion from 'double' to 'float', possible loss of data
     1>c:\users\sahakornb\documents\2015\multimedia\jpegcompress\opencv_jpeg_8pixelcompression\jpegcompression\jpegcompression\source.cpp(271): warning C4244: 'initializing' : conversion from 'int' to 'float', possible loss of data
     1>c:\users\sahakornb\documents\2015\multimedia\jpegcompress\opencv_jpeg_8pixelcompression\jpegcompression\jpegcompression\source.cpp(272): warning C4244: '=' : conversion from 'double' to 'float', possible loss of data
     1>c:\users\sahakornb\documents\2015\multimedia\jpegcompress\opencv_jpeg_8pixelcompression\jpegcompression\jpegcompression\source.cpp(284): warning C4244: 'initializing' : conversion from 'int' to 'float', possible loss of data
     1>c:\users\sahakornb\documents\2015\multimedia\jpegcompress\opencv_jpeg_8pixelcompression\jpegcompression\jpegcompression\source.cpp(285): warning C4244: '=' : conversion from 'double' to 'float', possible loss of data
     1>c:\users\sahakornb\documents\2015\multimedia\jpegcompress\opencv_jpeg_8pixelcompression\jpegcompression\jpegcompression\source.cpp(262): warning C4715: '_co' : not all control paths return a value
       Link:
         C:\Program Files (x86)\Microsoft Visual Studio 11.0\VC\bin\link.exe /ERRORREPORT:PROMPT /OUT:"C:\Users\sahakornb\Documents\2015\Multimedia\JpegCompress\OpenCV_Jpeg_8PixelCompression\JpegCompression\Debug\JpegCompression.exe" /INCREMENTAL /NOLOGO /LIBPATH:C:\opencv3\opencv\build\x86\vc12\lib opencv_ts300d.lib opencv_world300d.lib kernel32.lib user32.lib gdi32.lib winspool.lib comdlg32.lib advapi32.lib shell32.lib ole32.lib oleaut32.lib uuid.lib odbc32.lib odbccp32.lib /MANIFEST /MANIFESTUAC:"level='asInvoker' uiAccess='false'" /manifest:embed /DEBUG /PDB:"C:\Users\sahakornb\Documents\2015\Multimedia\JpegCompress\OpenCV_Jpeg_8PixelCompression\JpegCompression\Debug\JpegCompression.pdb" /SUBSYSTEM:CONSOLE /TLBID:1 /DYNAMICBASE /NXCOMPAT /IMPLIB:"C:\Users\sahakornb\Documents\2015\Multimedia\JpegCompress\OpenCV_Jpeg_8PixelCompression\JpegCompression\Debug\JpegCompression.lib" /MACHINE:X86 Debug\Source.obj
         JpegCompression.vcxproj -> C:\Users\sahakornb\Documents\2015\Multimedia\JpegCompress\OpenCV_Jpeg_8PixelCompression\JpegCompression\Debug\JpegCompression.exe
     1>Done Building Project "C:\Users\sahakornb\Documents\2015\Multimedia\JpegCompress\OpenCV_Jpeg_8PixelCompression\JpegCompression\JpegCompression\JpegCompression.vcxproj" (Build target(s)).

Build succeeded.

Time Elapsed 00:00:02.15
